11-Jul-2016 15:58:24.150 INFO [main] org.apache.catalina.startup.VersionLoggerListener.log Server version:        Apache Tomcat/8.5.3
11-Jul-2016 15:58:24.151 INFO [main] org.apache.catalina.startup.VersionLoggerListener.log Server built:          Jun 9 2016 11:16:29 UTC
11-Jul-2016 15:58:24.151 INFO [main] org.apache.catalina.startup.VersionLoggerListener.log Server number:         8.5.3.0
11-Jul-2016 15:58:24.151 INFO [main] org.apache.catalina.startup.VersionLoggerListener.log OS Name:               Linux
11-Jul-2016 15:58:24.152 INFO [main] org.apache.catalina.startup.VersionLoggerListener.log OS Version:            2.6.32-642.1.1.el6.x86_64
11-Jul-2016 15:58:24.152 INFO [main] org.apache.catalina.startup.VersionLoggerListener.log Architecture:          amd64
11-Jul-2016 15:58:24.152 INFO [main] org.apache.catalina.startup.VersionLoggerListener.log Java Home:             /usr/lib/jvm/java-1.8.0-openjdk-1.8.0.91-1.b14.el6.x86_64/jre
11-Jul-2016 15:58:24.152 INFO [main] org.apache.catalina.startup.VersionLoggerListener.log JVM Version:           1.8.0_91-b14
11-Jul-2016 15:58:24.152 INFO [main] org.apache.catalina.startup.VersionLoggerListener.log JVM Vendor:            Oracle Corporation
11-Jul-2016 15:58:24.152 INFO [main] org.apache.catalina.startup.VersionLoggerListener.log CATALINA_BASE:         /home/sources/tomcat/apache-tomcat-8.5.3
11-Jul-2016 15:58:24.152 INFO [main] org.apache.catalina.startup.VersionLoggerListener.log CATALINA_HOME:         /home/sources/tomcat/apache-tomcat-8.5.3
11-Jul-2016 15:58:24.153 INFO [main] org.apache.catalina.startup.VersionLoggerListener.log Command line argument: -Djava.util.logging.config.file=/home/sources/tomcat/apache-tomcat-8.5.3/conf/logging.properties
11-Jul-2016 15:58:24.153 INFO [main] org.apache.catalina.startup.VersionLoggerListener.log Command line argument: -Djava.util.logging.manager=org.apache.juli.ClassLoaderLogManager
11-Jul-2016 15:58:24.153 INFO [main] org.apache.catalina.startup.VersionLoggerListener.log Command line argument: -Djdk.tls.ephemeralDHKeySize=2048
11-Jul-2016 15:58:24.154 INFO [main] org.apache.catalina.startup.VersionLoggerListener.log Command line argument: -Dcatalina.base=/home/sources/tomcat/apache-tomcat-8.5.3
11-Jul-2016 15:58:24.154 INFO [main] org.apache.catalina.startup.VersionLoggerListener.log Command line argument: -Dcatalina.home=/home/sources/tomcat/apache-tomcat-8.5.3
11-Jul-2016 15:58:24.154 INFO [main] org.apache.catalina.startup.VersionLoggerListener.log Command line argument: -Djava.io.tmpdir=/home/sources/tomcat/apache-tomcat-8.5.3/temp
11-Jul-2016 15:58:24.154 INFO [main] org.apache.catalina.core.AprLifecycleListener.lifecycleEvent The APR based Apache Tomcat Native library which allows optimal performance in production environments was not found on the java.library.path: /usr/java/packages/lib/amd64:/usr/lib64:/lib64:/lib:/usr/lib
11-Jul-2016 15:58:24.555 INFO [main] org.apache.coyote.AbstractProtocol.init Initializing ProtocolHandler ["http-nio-8080"]
11-Jul-2016 15:58:24.577 INFO [main] org.apache.tomcat.util.net.NioSelectorPool.getSharedSelector Using a shared selector for servlet write/read
11-Jul-2016 15:58:24.581 INFO [main] org.apache.coyote.AbstractProtocol.init Initializing ProtocolHandler ["ajp-nio-8009"]
11-Jul-2016 15:58:24.583 INFO [main] org.apache.tomcat.util.net.NioSelectorPool.getSharedSelector Using a shared selector for servlet write/read
11-Jul-2016 15:58:24.584 INFO [main] org.apache.catalina.startup.Catalina.load Initialization processed in 1666 ms
11-Jul-2016 15:58:24.686 INFO [main] org.apache.catalina.core.StandardService.startInternal Starting service Catalina
11-Jul-2016 15:58:24.686 INFO [main] org.apache.catalina.core.StandardEngine.startInternal Starting Servlet Engine: Apache Tomcat/8.5.3
11-Jul-2016 15:58:24.780 INFO [localhost-startStop-1] org.apache.catalina.startup.HostConfig.deployDirectory Deploying web application directory /home/sources/tomcat/apache-tomcat-8.5.3/webapps/examples
11-Jul-2016 15:58:32.537 INFO [localhost-startStop-1] org.apache.catalina.startup.HostConfig.deployDirectory Deployment of web application directory /home/sources/tomcat/apache-tomcat-8.5.3/webapps/examples has finished in 7,757 ms
11-Jul-2016 15:58:32.538 INFO [localhost-startStop-1] org.apache.catalina.startup.HostConfig.deployDirectory Deploying web application directory /home/sources/tomcat/apache-tomcat-8.5.3/webapps/ROOT
11-Jul-2016 15:58:32.849 INFO [localhost-startStop-1] org.apache.catalina.startup.HostConfig.deployDirectory Deployment of web application directory /home/sources/tomcat/apache-tomcat-8.5.3/webapps/ROOT has finished in 310 ms
11-Jul-2016 15:58:32.849 INFO [localhost-startStop-1] org.apache.catalina.startup.HostConfig.deployDirectory Deploying web application directory /home/sources/tomcat/apache-tomcat-8.5.3/webapps/host-manager
11-Jul-2016 15:58:33.163 INFO [localhost-startStop-1] org.apache.catalina.startup.HostConfig.deployDirectory Deployment of web application directory /home/sources/tomcat/apache-tomcat-8.5.3/webapps/host-manager has finished in 314 ms
11-Jul-2016 15:58:33.164 INFO [localhost-startStop-1] org.apache.catalina.startup.HostConfig.deployDirectory Deploying web application directory /home/sources/tomcat/apache-tomcat-8.5.3/webapps/manager
11-Jul-2016 15:58:33.593 INFO [localhost-startStop-1] org.apache.catalina.startup.HostConfig.deployDirectory Deployment of web application directory /home/sources/tomcat/apache-tomcat-8.5.3/webapps/manager has finished in 429 ms
11-Jul-2016 15:58:33.593 INFO [localhost-startStop-1] org.apache.catalina.startup.HostConfig.deployDirectory Deploying web application directory /home/sources/tomcat/apache-tomcat-8.5.3/webapps/docs
11-Jul-2016 15:58:33.866 INFO [localhost-startStop-1] org.apache.catalina.startup.HostConfig.deployDirectory Deployment of web application directory /home/sources/tomcat/apache-tomcat-8.5.3/webapps/docs has finished in 273 ms
11-Jul-2016 15:58:33.875 INFO [main] org.apache.coyote.AbstractProtocol.start Starting ProtocolHandler [http-nio-8080]
11-Jul-2016 15:58:33.884 INFO [main] org.apache.coyote.AbstractProtocol.start Starting ProtocolHandler [ajp-nio-8009]
11-Jul-2016 15:58:33.885 INFO [main] org.apache.catalina.startup.Catalina.start Server startup in 9300 ms
11-Jul-2016 16:07:54.685 INFO [Thread-5] org.apache.coyote.AbstractProtocol.pause Pausing ProtocolHandler ["http-nio-8080"]
11-Jul-2016 16:07:54.689 INFO [Thread-5] org.apache.coyote.AbstractProtocol.pause Pausing ProtocolHandler ["ajp-nio-8009"]
11-Jul-2016 16:07:54.691 INFO [Thread-5] org.apache.catalina.core.StandardService.stopInternal Stopping service Catalina
11-Jul-2016 16:07:54.745 INFO [Thread-5] org.apache.coyote.AbstractProtocol.stop Stopping ProtocolHandler ["http-nio-8080"]
11-Jul-2016 16:07:54.763 INFO [Thread-5] org.apache.coyote.AbstractProtocol.stop Stopping ProtocolHandler ["ajp-nio-8009"]
11-Jul-2016 16:07:54.764 INFO [Thread-5] org.apache.coyote.AbstractProtocol.destroy Destroying ProtocolHandler ["http-nio-8080"]
11-Jul-2016 16:07:54.872 INFO [Thread-5] org.apache.coyote.AbstractProtocol.destroy Destroying ProtocolHandler ["ajp-nio-8009"]
