This file contains any messages produced by compilers while
running configure, to aid debugging if configure makes a mistake.

It was created by mod_jk configure 1.2.41, which was
generated by GNU Autoconf 2.63.  Invocation command line was

  $ ./configure --with-apxs=/usr/sbin/apxs

## --------- ##
## Platform. ##
## --------- ##

hostname = web
uname -m = x86_64
uname -r = 2.6.32-642.1.1.el6.x86_64
uname -s = Linux
uname -v = #1 SMP Tue May 31 21:57:07 UTC 2016

/usr/bin/uname -p = unknown
/bin/uname -X     = unknown

/bin/arch              = x86_64
/usr/bin/arch -k       = unknown
/usr/convex/getsysinfo = unknown
/usr/bin/hostinfo      = unknown
/bin/machine           = unknown
/usr/bin/oslevel       = unknown
/bin/universe          = unknown

PATH: /usr/local/sbin
PATH: /sbin
PATH: /bin
PATH: /usr/sbin
PATH: /usr/bin
PATH: /root/bin


## ----------- ##
## Core tests. ##
## ----------- ##

configure:2125: checking build system type
configure:2143: result: x86_64-unknown-linux-gnu
configure:2165: checking host system type
configure:2180: result: x86_64-unknown-linux-gnu
configure:2202: checking target system type
configure:2217: result: x86_64-unknown-linux-gnu
configure:2262: checking for a BSD-compatible install
configure:2330: result: /usr/bin/install -c
configure:2341: checking whether build environment is sane
configure:2401: result: yes
configure:2542: checking for a thread-safe mkdir -p
configure:2581: result: /bin/mkdir -p
configure:2594: checking for gawk
configure:2610: found /bin/gawk
configure:2621: result: gawk
configure:2632: checking whether make sets $(MAKE)
configure:2654: result: yes
configure:2812: checking for test
configure:2830: found /usr/bin/test
configure:2843: result: /usr/bin/test
configure:2854: checking for grep
configure:2872: found /bin/grep
configure:2885: result: /bin/grep
configure:2896: checking for echo
configure:2914: found /bin/echo
configure:2927: result: /bin/echo
configure:2938: checking for sed
configure:2956: found /bin/sed
configure:2969: result: /bin/sed
configure:2980: checking for cp
configure:2998: found /bin/cp
configure:3011: result: /bin/cp
configure:3022: checking for mkdir
configure:3040: found /bin/mkdir
configure:3053: result: /bin/mkdir
configure:3083: result: need to check for Perl first, apxs depends on it...
configure:3087: checking for perl
configure:3105: found /usr/bin/perl
configure:3118: result: /usr/bin/perl
configure:3205: result: APRINCLUDEDIR is  -I/usr/include/apr-1 -I/usr/include/apr-1
configure:3214: result: building connector for "apache-2.0"
configure:3286: checking for gcc
configure:3313: result: gcc
configure:3545: checking for C compiler version
configure:3553: gcc --version >&5
gcc (GCC) 4.4.7 20120313 (Red Hat 4.4.7-17)
Copyright (C) 2010 Free Software Foundation, Inc.
This is free software; see the source for copying conditions.  There is NO
warranty; not even for MERCHANTABILITY or FITNESS FOR A PARTICULAR PURPOSE.

configure:3557: $? = 0
configure:3564: gcc -v >&5
Using built-in specs.
Target: x86_64-redhat-linux
Configured with: ../configure --prefix=/usr --mandir=/usr/share/man --infodir=/usr/share/info --with-bugurl=http://bugzilla.redhat.com/bugzilla --enable-bootstrap --enable-shared --enable-threads=posix --enable-checking=release --with-system-zlib --enable-__cxa_atexit --disable-libunwind-exceptions --enable-gnu-unique-object --enable-languages=c,c++,objc,obj-c++,java,fortran,ada --enable-java-awt=gtk --disable-dssi --with-java-home=/usr/lib/jvm/java-1.5.0-gcj-1.5.0.0/jre --enable-libgcj-multifile --enable-java-maintainer-mode --with-ecj-jar=/usr/share/java/eclipse-ecj.jar --disable-libjava-multilib --with-ppl --with-cloog --with-tune=generic --with-arch_32=i686 --build=x86_64-redhat-linux
Thread model: posix
gcc version 4.4.7 20120313 (Red Hat 4.4.7-17) (GCC) 
configure:3568: $? = 0
configure:3575: gcc -V >&5
gcc: '-V' option must have argument
configure:3579: $? = 1
configure:3602: checking for C compiler default output file name
configure:3624: gcc  -DHAVE_CONFIG_H   conftest.c  >&5
configure:3628: $? = 0
configure:3666: result: a.out
configure:3685: checking whether the C compiler works
configure:3695: ./a.out
configure:3699: $? = 0
configure:3718: result: yes
configure:3725: checking whether we are cross compiling
configure:3727: result: no
configure:3730: checking for suffix of executables
configure:3737: gcc -o conftest  -DHAVE_CONFIG_H   conftest.c  >&5
configure:3741: $? = 0
configure:3767: result: 
configure:3773: checking for suffix of object files
configure:3799: gcc -c  -DHAVE_CONFIG_H  conftest.c >&5
configure:3803: $? = 0
configure:3828: result: o
configure:3832: checking whether we are using the GNU C compiler
configure:3861: gcc -c  -DHAVE_CONFIG_H  conftest.c >&5
configure:3868: $? = 0
configure:3885: result: yes
configure:3894: checking whether gcc accepts -g
configure:3924: gcc -c -g  conftest.c >&5
configure:3931: $? = 0
configure:4032: result: yes
configure:4049: checking for gcc option to accept ISO C89
configure:4123: gcc  -c  -DHAVE_CONFIG_H  conftest.c >&5
configure:4130: $? = 0
configure:4153: result: none needed
configure:4182: checking for style of include used by make
configure:4210: result: GNU
configure:4235: checking dependency style of gcc
configure:4345: result: none
configure:4360: checking for a sed that does not truncate output
configure:4426: result: /bin/sed
configure:4444: checking for grep that handles long lines and -e
configure:4504: result: /bin/grep
configure:4509: checking for egrep
configure:4573: result: /bin/grep -E
configure:4578: checking for fgrep
configure:4642: result: /bin/grep -F
configure:4677: checking for ld used by gcc
configure:4744: result: /usr/bin/ld
configure:4753: checking if the linker (/usr/bin/ld) is GNU ld
configure:4768: result: yes
configure:4813: checking for BSD- or MS-compatible name lister (nm)
configure:4862: result: /usr/bin/nm -B
configure:4980: checking the name lister (/usr/bin/nm -B) interface
configure:4987: gcc -c  -DHAVE_CONFIG_H  conftest.c >&5
configure:4990: /usr/bin/nm -B "conftest.o"
configure:4993: output
0000000000000000 B some_variable
configure:5000: result: BSD nm
configure:5003: checking whether ln -s works
configure:5007: result: yes
configure:5015: checking the maximum length of command line arguments
configure:5135: result: 1966080
configure:5152: checking whether the shell understands some XSI constructs
configure:5162: result: yes
configure:5166: checking whether the shell understands "+="
configure:5172: result: yes
configure:5207: checking for /usr/bin/ld option to reload object files
configure:5214: result: -r
configure:5283: checking for objdump
configure:5299: found /usr/bin/objdump
configure:5310: result: objdump
configure:5342: checking how to recognize dependent libraries
configure:5538: result: pass_all
configure:5598: checking for ar
configure:5614: found /usr/bin/ar
configure:5625: result: ar
configure:5703: checking for strip
configure:5719: found /usr/bin/strip
configure:5730: result: strip
configure:5802: checking for ranlib
configure:5818: found /usr/bin/ranlib
configure:5829: result: ranlib
configure:5919: checking command to parse /usr/bin/nm -B output from gcc object
configure:6037: gcc -c  -DHAVE_CONFIG_H  conftest.c >&5
configure:6040: $? = 0
configure:6044: /usr/bin/nm -B conftest.o \| sed -n -e 's/^.*[	 ]\([ABCDGIRSTW][ABCDGIRSTW]*\)[	 ][	 ]*\([_A-Za-z][_A-Za-z0-9]*\)$/\1 \2 \2/p' \> conftest.nm
configure:6047: $? = 0
configure:6101: gcc -o conftest  -DHAVE_CONFIG_H   conftest.c conftstm.o >&5
configure:6104: $? = 0
configure:6142: result: ok
configure:6238: gcc -c  -DHAVE_CONFIG_H  conftest.c >&5
configure:6241: $? = 0
configure:7009: checking how to run the C preprocessor
configure:7049: gcc -E  conftest.c
configure:7056: $? = 0
configure:7087: gcc -E  conftest.c
conftest.c:10:28: error: ac_nonexistent.h: No such file or directory
configure:7094: $? = 1
configure: failed program was:
| /* confdefs.h.  */
| #define PACKAGE_NAME "mod_jk"
| #define PACKAGE_TARNAME "mod_jk"
| #define PACKAGE_VERSION "1.2.41"
| #define PACKAGE_STRING "mod_jk 1.2.41"
| #define PACKAGE_BUGREPORT ""
| #define PACKAGE "mod_jk"
| #define VERSION "1.2.41"
| /* end confdefs.h.  */
| #include <ac_nonexistent.h>
configure:7127: result: gcc -E
configure:7156: gcc -E  conftest.c
configure:7163: $? = 0
configure:7194: gcc -E  conftest.c
conftest.c:10:28: error: ac_nonexistent.h: No such file or directory
configure:7201: $? = 1
configure: failed program was:
| /* confdefs.h.  */
| #define PACKAGE_NAME "mod_jk"
| #define PACKAGE_TARNAME "mod_jk"
| #define PACKAGE_VERSION "1.2.41"
| #define PACKAGE_STRING "mod_jk 1.2.41"
| #define PACKAGE_BUGREPORT ""
| #define PACKAGE "mod_jk"
| #define VERSION "1.2.41"
| /* end confdefs.h.  */
| #include <ac_nonexistent.h>
configure:7241: checking for ANSI C header files
configure:7271: gcc -c  -DHAVE_CONFIG_H  conftest.c >&5
configure:7278: $? = 0
configure:7377: gcc -o conftest  -DHAVE_CONFIG_H   conftest.c  >&5
configure:7381: $? = 0
configure:7387: ./conftest
configure:7391: $? = 0
configure:7409: result: yes
configure:7433: checking for sys/types.h
configure:7454: gcc -c  -DHAVE_CONFIG_H  conftest.c >&5
configure:7461: $? = 0
configure:7478: result: yes
configure:7433: checking for sys/stat.h
configure:7454: gcc -c  -DHAVE_CONFIG_H  conftest.c >&5
configure:7461: $? = 0
configure:7478: result: yes
configure:7433: checking for stdlib.h
configure:7454: gcc -c  -DHAVE_CONFIG_H  conftest.c >&5
configure:7461: $? = 0
configure:7478: result: yes
configure:7433: checking for string.h
configure:7454: gcc -c  -DHAVE_CONFIG_H  conftest.c >&5
configure:7461: $? = 0
configure:7478: result: yes
configure:7433: checking for memory.h
configure:7454: gcc -c  -DHAVE_CONFIG_H  conftest.c >&5
configure:7461: $? = 0
configure:7478: result: yes
configure:7433: checking for strings.h
configure:7454: gcc -c  -DHAVE_CONFIG_H  conftest.c >&5
configure:7461: $? = 0
configure:7478: result: yes
configure:7433: checking for inttypes.h
configure:7454: gcc -c  -DHAVE_CONFIG_H  conftest.c >&5
configure:7461: $? = 0
configure:7478: result: yes
configure:7433: checking for stdint.h
configure:7454: gcc -c  -DHAVE_CONFIG_H  conftest.c >&5
configure:7461: $? = 0
configure:7478: result: yes
configure:7433: checking for unistd.h
configure:7454: gcc -c  -DHAVE_CONFIG_H  conftest.c >&5
configure:7461: $? = 0
configure:7478: result: yes
configure:7496: checking for dlfcn.h
configure:7517: gcc -c  -DHAVE_CONFIG_H  conftest.c >&5
configure:7524: $? = 0
configure:7541: result: yes
configure:7725: checking for objdir
configure:7740: result: .libs
configure:8032: checking if gcc supports -fno-rtti -fno-exceptions
configure:8050: gcc -c  -DHAVE_CONFIG_H  -fno-rtti -fno-exceptions conftest.c >&5
cc1: warning: command line option "-fno-rtti" is valid for C++/ObjC++ but not for C
configure:8054: $? = 0
configure:8067: result: no
configure:8087: checking for gcc option to produce PIC
configure:8359: result: -fPIC -DPIC
configure:8371: checking if gcc PIC flag -fPIC -DPIC works
configure:8389: gcc -c  -DHAVE_CONFIG_H  -fPIC -DPIC -DPIC conftest.c >&5
configure:8393: $? = 0
configure:8406: result: yes
configure:8430: checking if gcc static flag -static works
configure:8458: result: no
configure:8473: checking if gcc supports -c -o file.o
configure:8494: gcc -c  -DHAVE_CONFIG_H  -o out/conftest2.o conftest.c >&5
configure:8498: $? = 0
configure:8520: result: yes
configure:8528: checking if gcc supports -c -o file.o
configure:8575: result: yes
configure:8608: checking whether the gcc linker (/usr/bin/ld -m elf_x86_64) supports shared libraries
configure:9682: result: yes
configure:9719: checking whether -lc should be explicitly linked in
configure:9724: gcc -c  -DHAVE_CONFIG_H  conftest.c >&5
configure:9727: $? = 0
configure:9742: gcc -shared conftest.o  -v -Wl,-soname -Wl,conftest -o conftest 2\>\&1 \| /bin/grep  -lc  \>/dev/null 2\>\&1
configure:9745: $? = 0
configure:9757: result: no
configure:9921: checking dynamic linker characteristics
configure:10364: gcc -o conftest  -DHAVE_CONFIG_H   -Wl,-rpath -Wl,/foo conftest.c  >&5
configure:10371: $? = 0
configure:10607: result: GNU/Linux ld.so
configure:10709: checking how to hardcode library paths into programs
configure:10734: result: immediate
configure:10857: checking for shl_load
configure:10913: gcc -o conftest  -DHAVE_CONFIG_H   conftest.c  >&5
/tmp/ccDczmwK.o: In function `main':
conftest.c:(.text+0xa): undefined reference to `shl_load'
collect2: ld returned 1 exit status
configure:10920: $? = 1
configure: failed program was:
| /* confdefs.h.  */
| #define PACKAGE_NAME "mod_jk"
| #define PACKAGE_TARNAME "mod_jk"
| #define PACKAGE_VERSION "1.2.41"
| #define PACKAGE_STRING "mod_jk 1.2.41"
| #define PACKAGE_BUGREPORT ""
| #define PACKAGE "mod_jk"
| #define VERSION "1.2.41"
| #define STDC_HEADERS 1
| #define HAVE_SYS_TYPES_H 1
| #define HAVE_SYS_STAT_H 1
| #define HAVE_STDLIB_H 1
| #define HAVE_STRING_H 1
| #define HAVE_MEMORY_H 1
| #define HAVE_STRINGS_H 1
| #define HAVE_INTTYPES_H 1
| #define HAVE_STDINT_H 1
| #define HAVE_UNISTD_H 1
| #define HAVE_DLFCN_H 1
| #define LT_OBJDIR ".libs/"
| /* end confdefs.h.  */
| /* Define shl_load to an innocuous variant, in case <limits.h> declares shl_load.
|    For example, HP-UX 11i <limits.h> declares gettimeofday.  */
| #define shl_load innocuous_shl_load
| 
| /* System header to define __stub macros and hopefully few prototypes,
|     which can conflict with char shl_load (); below.
|     Prefer <limits.h> to <assert.h> if __STDC__ is defined, since
|     <limits.h> exists even on freestanding compilers.  */
| 
| #ifdef __STDC__
| # include <limits.h>
| #else
| # include <assert.h>
| #endif
| 
| #undef shl_load
| 
| /* Override any GCC internal prototype to avoid an error.
|    Use char because int might match the return type of a GCC
|    builtin and then its argument prototype would still apply.  */
| #ifdef __cplusplus
| extern "C"
| #endif
| char shl_load ();
| /* The GNU C library defines this for functions which it implements
|     to always fail with ENOSYS.  Some functions are actually named
|     something starting with __ and the normal name is an alias.  */
| #if defined __stub_shl_load || defined __stub___shl_load
| choke me
| #endif
| 
| int
| main ()
| {
| return shl_load ();
|   ;
|   return 0;
| }
configure:10940: result: no
configure:10945: checking for shl_load in -ldld
configure:10980: gcc -o conftest  -DHAVE_CONFIG_H   conftest.c -ldld   >&5
/usr/bin/ld: cannot find -ldld
collect2: ld returned 1 exit status
configure:10987: $? = 1
configure: failed program was:
| /* confdefs.h.  */
| #define PACKAGE_NAME "mod_jk"
| #define PACKAGE_TARNAME "mod_jk"
| #define PACKAGE_VERSION "1.2.41"
| #define PACKAGE_STRING "mod_jk 1.2.41"
| #define PACKAGE_BUGREPORT ""
| #define PACKAGE "mod_jk"
| #define VERSION "1.2.41"
| #define STDC_HEADERS 1
| #define HAVE_SYS_TYPES_H 1
| #define HAVE_SYS_STAT_H 1
| #define HAVE_STDLIB_H 1
| #define HAVE_STRING_H 1
| #define HAVE_MEMORY_H 1
| #define HAVE_STRINGS_H 1
| #define HAVE_INTTYPES_H 1
| #define HAVE_STDINT_H 1
| #define HAVE_UNISTD_H 1
| #define HAVE_DLFCN_H 1
| #define LT_OBJDIR ".libs/"
| /* end confdefs.h.  */
| 
| /* Override any GCC internal prototype to avoid an error.
|    Use char because int might match the return type of a GCC
|    builtin and then its argument prototype would still apply.  */
| #ifdef __cplusplus
| extern "C"
| #endif
| char shl_load ();
| int
| main ()
| {
| return shl_load ();
|   ;
|   return 0;
| }
configure:11008: result: no
configure:11013: checking for dlopen
configure:11069: gcc -o conftest  -DHAVE_CONFIG_H   conftest.c  >&5
/tmp/ccUqsUpR.o: In function `main':
conftest.c:(.text+0xa): undefined reference to `dlopen'
collect2: ld returned 1 exit status
configure:11076: $? = 1
configure: failed program was:
| /* confdefs.h.  */
| #define PACKAGE_NAME "mod_jk"
| #define PACKAGE_TARNAME "mod_jk"
| #define PACKAGE_VERSION "1.2.41"
| #define PACKAGE_STRING "mod_jk 1.2.41"
| #define PACKAGE_BUGREPORT ""
| #define PACKAGE "mod_jk"
| #define VERSION "1.2.41"
| #define STDC_HEADERS 1
| #define HAVE_SYS_TYPES_H 1
| #define HAVE_SYS_STAT_H 1
| #define HAVE_STDLIB_H 1
| #define HAVE_STRING_H 1
| #define HAVE_MEMORY_H 1
| #define HAVE_STRINGS_H 1
| #define HAVE_INTTYPES_H 1
| #define HAVE_STDINT_H 1
| #define HAVE_UNISTD_H 1
| #define HAVE_DLFCN_H 1
| #define LT_OBJDIR ".libs/"
| /* end confdefs.h.  */
| /* Define dlopen to an innocuous variant, in case <limits.h> declares dlopen.
|    For example, HP-UX 11i <limits.h> declares gettimeofday.  */
| #define dlopen innocuous_dlopen
| 
| /* System header to define __stub macros and hopefully few prototypes,
|     which can conflict with char dlopen (); below.
|     Prefer <limits.h> to <assert.h> if __STDC__ is defined, since
|     <limits.h> exists even on freestanding compilers.  */
| 
| #ifdef __STDC__
| # include <limits.h>
| #else
| # include <assert.h>
| #endif
| 
| #undef dlopen
| 
| /* Override any GCC internal prototype to avoid an error.
|    Use char because int might match the return type of a GCC
|    builtin and then its argument prototype would still apply.  */
| #ifdef __cplusplus
| extern "C"
| #endif
| char dlopen ();
| /* The GNU C library defines this for functions which it implements
|     to always fail with ENOSYS.  Some functions are actually named
|     something starting with __ and the normal name is an alias.  */
| #if defined __stub_dlopen || defined __stub___dlopen
| choke me
| #endif
| 
| int
| main ()
| {
| return dlopen ();
|   ;
|   return 0;
| }
configure:11096: result: no
configure:11101: checking for dlopen in -ldl
configure:11136: gcc -o conftest  -DHAVE_CONFIG_H   conftest.c -ldl   >&5
configure:11143: $? = 0
configure:11164: result: yes
configure:11341: checking whether a program can dlopen itself
configure:11411: gcc -o conftest  -DHAVE_CONFIG_H  -DHAVE_DLFCN_H  -Wl,--export-dynamic conftest.c -ldl  >&5
configure:11414: $? = 0
configure:11432: result: yes
configure:11437: checking whether a statically linked program can dlopen itself
configure:11507: gcc -o conftest  -DHAVE_CONFIG_H  -DHAVE_DLFCN_H  -Wl,--export-dynamic  conftest.c -ldl  >&5
configure:11510: $? = 0
configure:11528: result: yes
configure:11567: checking whether stripping libraries is possible
configure:11572: result: yes
configure:11607: checking if libtool supports shared libraries
configure:11609: result: yes
configure:11612: checking whether to build shared libraries
configure:11633: result: yes
configure:11636: checking whether to build static libraries
configure:11640: result: yes
configure:11679: result: LIBTOOL="/usr/lib64/apr-1/build/libtool --silent"
configure:11689: checking size of char
configure:11994: gcc -o conftest  -DHAVE_CONFIG_H   conftest.c  >&5
configure:11998: $? = 0
configure:12004: ./conftest
configure:12008: $? = 0
configure:12034: result: 1
configure:12048: checking size of int
configure:12353: gcc -o conftest  -DHAVE_CONFIG_H   conftest.c  >&5
configure:12357: $? = 0
configure:12363: ./conftest
configure:12367: $? = 0
configure:12393: result: 4
configure:12407: checking size of long
configure:12712: gcc -o conftest  -DHAVE_CONFIG_H   conftest.c  >&5
configure:12716: $? = 0
configure:12722: ./conftest
configure:12726: $? = 0
configure:12752: result: 8
configure:12766: checking size of short
configure:13071: gcc -o conftest  -DHAVE_CONFIG_H   conftest.c  >&5
configure:13075: $? = 0
configure:13081: ./conftest
configure:13085: $? = 0
configure:13111: result: 2
configure:13125: checking size of long double
configure:13430: gcc -o conftest  -DHAVE_CONFIG_H   conftest.c  >&5
configure:13434: $? = 0
configure:13440: ./conftest
configure:13444: $? = 0
configure:13470: result: 16
configure:13484: checking size of long long
configure:13789: gcc -o conftest  -DHAVE_CONFIG_H   conftest.c  >&5
configure:13793: $? = 0
configure:13799: ./conftest
configure:13803: $? = 0
configure:13829: result: 8
configure:13843: checking size of longlong
configure:14148: gcc -o conftest  -DHAVE_CONFIG_H   conftest.c  >&5
conftest.c: In function 'longval':
conftest.c:61: error: 'longlong' undeclared (first use in this function)
conftest.c:61: error: (Each undeclared identifier is reported only once
conftest.c:61: error: for each function it appears in.)
conftest.c: In function 'ulongval':
conftest.c:62: error: 'longlong' undeclared (first use in this function)
conftest.c: In function 'main':
conftest.c:72: error: 'longlong' undeclared (first use in this function)
configure:14152: $? = 1
configure: program exited with status 1
configure: failed program was:
| /* confdefs.h.  */
| #define PACKAGE_NAME "mod_jk"
| #define PACKAGE_TARNAME "mod_jk"
| #define PACKAGE_VERSION "1.2.41"
| #define PACKAGE_STRING "mod_jk 1.2.41"
| #define PACKAGE_BUGREPORT ""
| #define PACKAGE "mod_jk"
| #define VERSION "1.2.41"
| #define STDC_HEADERS 1
| #define HAVE_SYS_TYPES_H 1
| #define HAVE_SYS_STAT_H 1
| #define HAVE_STDLIB_H 1
| #define HAVE_STRING_H 1
| #define HAVE_MEMORY_H 1
| #define HAVE_STRINGS_H 1
| #define HAVE_INTTYPES_H 1
| #define HAVE_STDINT_H 1
| #define HAVE_UNISTD_H 1
| #define HAVE_DLFCN_H 1
| #define LT_OBJDIR ".libs/"
| #define SIZEOF_CHAR 1
| #define SIZEOF_INT 4
| #define SIZEOF_LONG 8
| #define SIZEOF_SHORT 2
| #define SIZEOF_LONG_DOUBLE 16
| #define SIZEOF_LONG_LONG 8
| /* end confdefs.h.  */
| #include <stdio.h>
| #ifdef HAVE_SYS_TYPES_H
| # include <sys/types.h>
| #endif
| #ifdef HAVE_SYS_STAT_H
| # include <sys/stat.h>
| #endif
| #ifdef STDC_HEADERS
| # include <stdlib.h>
| # include <stddef.h>
| #else
| # ifdef HAVE_STDLIB_H
| #  include <stdlib.h>
| # endif
| #endif
| #ifdef HAVE_STRING_H
| # if !defined STDC_HEADERS && defined HAVE_MEMORY_H
| #  include <memory.h>
| # endif
| # include <string.h>
| #endif
| #ifdef HAVE_STRINGS_H
| # include <strings.h>
| #endif
| #ifdef HAVE_INTTYPES_H
| # include <inttypes.h>
| #endif
| #ifdef HAVE_STDINT_H
| # include <stdint.h>
| #endif
| #ifdef HAVE_UNISTD_H
| # include <unistd.h>
| #endif
| static long int longval () { return (long int) (sizeof (longlong)); }
| static unsigned long int ulongval () { return (long int) (sizeof (longlong)); }
| #include <stdio.h>
| #include <stdlib.h>
| int
| main ()
| {
| 
|   FILE *f = fopen ("conftest.val", "w");
|   if (! f)
|     return 1;
|   if (((long int) (sizeof (longlong))) < 0)
|     {
|       long int i = longval ();
|       if (i != ((long int) (sizeof (longlong))))
| 	return 1;
|       fprintf (f, "%ld", i);
|     }
|   else
|     {
|       unsigned long int i = ulongval ();
|       if (i != ((long int) (sizeof (longlong))))
| 	return 1;
|       fprintf (f, "%lu", i);
|     }
|   /* Do not output a trailing newline, as this causes \r\n confusion
|      on some platforms.  */
|   return ferror (f) || fclose (f) != 0;
| 
|   ;
|   return 0;
| }
configure:14188: result: 0
configure:14260: checking size of pid_t
configure:14290: gcc -o conftest  -DHAVE_CONFIG_H   conftest.c  >&5
conftest.c: In function 'main':
conftest.c:34: warning: incompatible implicit declaration of built-in function 'exit'
configure:14294: $? = 0
configure:14300: ./conftest
configure:14304: $? = 0
configure:14321: result: 4
configure:14342: checking size of pthread_t
configure:14372: gcc -o conftest  -DHAVE_CONFIG_H   conftest.c  >&5
conftest.c: In function 'main':
conftest.c:35: warning: incompatible implicit declaration of built-in function 'exit'
configure:14376: $? = 0
configure:14382: ./conftest
configure:14386: $? = 0
configure:14403: result: 8
configure:14452: checking for snprintf
configure:14508: gcc -o conftest  -DHAVE_CONFIG_H   conftest.c  >&5
conftest.c:54: warning: conflicting types for built-in function 'snprintf'
configure:14515: $? = 0
configure:14535: result: yes
configure:14545: checking for vsnprintf
configure:14601: gcc -o conftest  -DHAVE_CONFIG_H   conftest.c  >&5
conftest.c:55: warning: conflicting types for built-in function 'vsnprintf'
configure:14608: $? = 0
configure:14628: result: yes
configure:14638: checking for flock
configure:14694: gcc -o conftest  -DHAVE_CONFIG_H   conftest.c  >&5
configure:14701: $? = 0
configure:14721: result: yes
configure:14732: checking for setsockopt in -lsocket
configure:14767: gcc -o conftest  -DHAVE_CONFIG_H   conftest.c -lsocket   >&5
/usr/bin/ld: cannot find -lsocket
collect2: ld returned 1 exit status
configure:14774: $? = 1
configure: failed program was:
| /* confdefs.h.  */
| #define PACKAGE_NAME "mod_jk"
| #define PACKAGE_TARNAME "mod_jk"
| #define PACKAGE_VERSION "1.2.41"
| #define PACKAGE_STRING "mod_jk 1.2.41"
| #define PACKAGE_BUGREPORT ""
| #define PACKAGE "mod_jk"
| #define VERSION "1.2.41"
| #define STDC_HEADERS 1
| #define HAVE_SYS_TYPES_H 1
| #define HAVE_SYS_STAT_H 1
| #define HAVE_STDLIB_H 1
| #define HAVE_STRING_H 1
| #define HAVE_MEMORY_H 1
| #define HAVE_STRINGS_H 1
| #define HAVE_INTTYPES_H 1
| #define HAVE_STDINT_H 1
| #define HAVE_UNISTD_H 1
| #define HAVE_DLFCN_H 1
| #define LT_OBJDIR ".libs/"
| #define SIZEOF_CHAR 1
| #define SIZEOF_INT 4
| #define SIZEOF_LONG 8
| #define SIZEOF_SHORT 2
| #define SIZEOF_LONG_DOUBLE 16
| #define SIZEOF_LONG_LONG 8
| #define SIZEOF_LONGLONG 0
| #define SIZEOF_PID_T 4
| #define SIZEOF_PTHREAD_T 8
| #define HAVE_SNPRINTF 1
| #define HAVE_VSNPRINTF 1
| #define HAVE_FLOCK 1
| /* end confdefs.h.  */
| 
| /* Override any GCC internal prototype to avoid an error.
|    Use char because int might match the return type of a GCC
|    builtin and then its argument prototype would still apply.  */
| #ifdef __cplusplus
| extern "C"
| #endif
| char setsockopt ();
| int
| main ()
| {
| return setsockopt ();
|   ;
|   return 0;
| }
configure:14795: result: no
configure:14818: checking sys/filio.h usability
configure:14835: gcc -c  -DHAVE_CONFIG_H  conftest.c >&5
conftest.c:67:23: error: sys/filio.h: No such file or directory
configure:14842: $? = 1
configure: failed program was:
| /* confdefs.h.  */
| #define PACKAGE_NAME "mod_jk"
| #define PACKAGE_TARNAME "mod_jk"
| #define PACKAGE_VERSION "1.2.41"
| #define PACKAGE_STRING "mod_jk 1.2.41"
| #define PACKAGE_BUGREPORT ""
| #define PACKAGE "mod_jk"
| #define VERSION "1.2.41"
| #define STDC_HEADERS 1
| #define HAVE_SYS_TYPES_H 1
| #define HAVE_SYS_STAT_H 1
| #define HAVE_STDLIB_H 1
| #define HAVE_STRING_H 1
| #define HAVE_MEMORY_H 1
| #define HAVE_STRINGS_H 1
| #define HAVE_INTTYPES_H 1
| #define HAVE_STDINT_H 1
| #define HAVE_UNISTD_H 1
| #define HAVE_DLFCN_H 1
| #define LT_OBJDIR ".libs/"
| #define SIZEOF_CHAR 1
| #define SIZEOF_INT 4
| #define SIZEOF_LONG 8
| #define SIZEOF_SHORT 2
| #define SIZEOF_LONG_DOUBLE 16
| #define SIZEOF_LONG_LONG 8
| #define SIZEOF_LONGLONG 0
| #define SIZEOF_PID_T 4
| #define SIZEOF_PTHREAD_T 8
| #define HAVE_SNPRINTF 1
| #define HAVE_VSNPRINTF 1
| #define HAVE_FLOCK 1
| /* end confdefs.h.  */
| #include <stdio.h>
| #ifdef HAVE_SYS_TYPES_H
| # include <sys/types.h>
| #endif
| #ifdef HAVE_SYS_STAT_H
| # include <sys/stat.h>
| #endif
| #ifdef STDC_HEADERS
| # include <stdlib.h>
| # include <stddef.h>
| #else
| # ifdef HAVE_STDLIB_H
| #  include <stdlib.h>
| # endif
| #endif
| #ifdef HAVE_STRING_H
| # if !defined STDC_HEADERS && defined HAVE_MEMORY_H
| #  include <memory.h>
| # endif
| # include <string.h>
| #endif
| #ifdef HAVE_STRINGS_H
| # include <strings.h>
| #endif
| #ifdef HAVE_INTTYPES_H
| # include <inttypes.h>
| #endif
| #ifdef HAVE_STDINT_H
| # include <stdint.h>
| #endif
| #ifdef HAVE_UNISTD_H
| # include <unistd.h>
| #endif
| #include <sys/filio.h>
configure:14856: result: no
configure:14860: checking sys/filio.h presence
configure:14875: gcc -E  conftest.c
conftest.c:34:23: error: sys/filio.h: No such file or directory
configure:14882: $? = 1
configure: failed program was:
| /* confdefs.h.  */
| #define PACKAGE_NAME "mod_jk"
| #define PACKAGE_TARNAME "mod_jk"
| #define PACKAGE_VERSION "1.2.41"
| #define PACKAGE_STRING "mod_jk 1.2.41"
| #define PACKAGE_BUGREPORT ""
| #define PACKAGE "mod_jk"
| #define VERSION "1.2.41"
| #define STDC_HEADERS 1
| #define HAVE_SYS_TYPES_H 1
| #define HAVE_SYS_STAT_H 1
| #define HAVE_STDLIB_H 1
| #define HAVE_STRING_H 1
| #define HAVE_MEMORY_H 1
| #define HAVE_STRINGS_H 1
| #define HAVE_INTTYPES_H 1
| #define HAVE_STDINT_H 1
| #define HAVE_UNISTD_H 1
| #define HAVE_DLFCN_H 1
| #define LT_OBJDIR ".libs/"
| #define SIZEOF_CHAR 1
| #define SIZEOF_INT 4
| #define SIZEOF_LONG 8
| #define SIZEOF_SHORT 2
| #define SIZEOF_LONG_DOUBLE 16
| #define SIZEOF_LONG_LONG 8
| #define SIZEOF_LONGLONG 0
| #define SIZEOF_PID_T 4
| #define SIZEOF_PTHREAD_T 8
| #define HAVE_SNPRINTF 1
| #define HAVE_VSNPRINTF 1
| #define HAVE_FLOCK 1
| /* end confdefs.h.  */
| #include <sys/filio.h>
configure:14896: result: no
configure:14924: checking for sys/filio.h
configure:14933: result: no
configure:14951: checking whether to use SO_RCVTIMEO with setsockopt()
configure:15003: gcc -o conftest  -DHAVE_CONFIG_H   conftest.c  >&5
conftest.c: In function 'main':
conftest.c:50: warning: incompatible implicit declaration of built-in function 'exit'
configure:15007: $? = 0
configure:15013: ./conftest
configure:15017: $? = 0
configure:15019: result: yes
configure:15043: checking whether to use SO_SNDTIMEO with setsockopt()
configure:15095: gcc -o conftest  -DHAVE_CONFIG_H   conftest.c  >&5
conftest.c: In function 'main':
conftest.c:51: warning: incompatible implicit declaration of built-in function 'exit'
configure:15099: $? = 0
configure:15105: ./conftest
configure:15109: $? = 0
configure:15111: result: yes
configure:15231: checking whether to use SOCK_CLOEXEC with socket()
configure:15275: gcc -o conftest  -DHAVE_CONFIG_H   conftest.c  >&5
conftest.c: In function 'main':
conftest.c:49: warning: incompatible implicit declaration of built-in function 'exit'
configure:15279: $? = 0
configure:15285: ./conftest
configure:15289: $? = 0
configure:15291: result: yes
configure:15334: checking poll.h usability
configure:15351: gcc -c  -DHAVE_CONFIG_H  conftest.c >&5
configure:15358: $? = 0
configure:15372: result: yes
configure:15376: checking poll.h presence
configure:15391: gcc -E  conftest.c
configure:15398: $? = 0
configure:15412: result: yes
configure:15440: checking for poll.h
configure:15449: result: yes
configure:15464: checking for poll
configure:15520: gcc -o conftest  -DHAVE_CONFIG_H   conftest.c  >&5
configure:15527: $? = 0
configure:15547: result: yes
configure:15573: checking netinet/in.h usability
configure:15590: gcc -c  -DHAVE_CONFIG_H  conftest.c >&5
configure:15597: $? = 0
configure:15611: result: yes
configure:15615: checking netinet/in.h presence
configure:15630: gcc -E  conftest.c
configure:15637: $? = 0
configure:15651: result: yes
configure:15679: checking for netinet/in.h
configure:15688: result: yes
configure:15719: checking netdb.h usability
configure:15736: gcc -c  -DHAVE_CONFIG_H  conftest.c >&5
configure:15743: $? = 0
configure:15757: result: yes
configure:15761: checking netdb.h presence
configure:15776: gcc -E  conftest.c
configure:15783: $? = 0
configure:15797: result: yes
configure:15825: checking for netdb.h
configure:15834: result: yes
configure:15853: checking for IPv6 with socket()
configure:15892: gcc -o conftest  -DHAVE_CONFIG_H   conftest.c  >&5
conftest.c: In function 'main':
conftest.c:51: warning: incompatible implicit declaration of built-in function 'exit'
configure:15896: $? = 0
configure:15902: ./conftest
configure:15906: $? = 0
configure:15908: result: yes
configure:15932: checking for struct sockaddr_storage
configure:15968: gcc -o conftest  -DHAVE_CONFIG_H   conftest.c  >&5
conftest.c: In function 'main':
conftest.c:50: warning: incompatible implicit declaration of built-in function 'exit'
configure:15972: $? = 0
configure:15978: ./conftest
configure:15982: $? = 0
configure:15984: result: yes
configure:16007: checking for getaddrinfo
configure:16063: gcc -o conftest  -DHAVE_CONFIG_H   conftest.c  >&5
configure:16070: $? = 0
configure:16090: result: yes
configure:16100: checking for gethostbyname_r
configure:16156: gcc -o conftest  -DHAVE_CONFIG_H   conftest.c  >&5
configure:16163: $? = 0
configure:16183: result: yes
configure:16196: checking for target platform
configure:16220: result: unix
configure:16306: result: no apache given
configure:16332: result: no netscape given
configure:16631: creating ./config.status

## ---------------------- ##
## Running config.status. ##
## ---------------------- ##

This file was extended by mod_jk config.status 1.2.41, which was
generated by GNU Autoconf 2.63.  Invocation command line was

  CONFIG_FILES    = 
  CONFIG_HEADERS  = 
  CONFIG_LINKS    = 
  CONFIG_COMMANDS = 
  $ ./config.status 

on web

config.status:1047: creating Makefile
config.status:1047: creating apache-1.3/Makefile
config.status:1047: creating apache-1.3/Makefile.apxs
config.status:1047: creating apache-2.0/Makefile
config.status:1047: creating apache-2.0/Makefile.apxs
config.status:1047: creating common/Makefile
config.status:1047: creating common/list.mk
config.status:1047: creating common/jk_types.h
config.status:1047: creating common/config.h
config.status:1321: executing depfiles commands
config.status:1321: executing libtool commands

## ---------------- ##
## Cache variables. ##
## ---------------- ##

ac_cv_build=x86_64-unknown-linux-gnu
ac_cv_c_compiler_gnu=yes
ac_cv_env_CC_set=
ac_cv_env_CC_value=
ac_cv_env_CFLAGS_set=
ac_cv_env_CFLAGS_value=
ac_cv_env_CPPFLAGS_set=
ac_cv_env_CPPFLAGS_value=
ac_cv_env_CPP_set=
ac_cv_env_CPP_value=
ac_cv_env_LDFLAGS_set=
ac_cv_env_LDFLAGS_value=
ac_cv_env_LIBS_set=
ac_cv_env_LIBS_value=
ac_cv_env_build_alias_set=
ac_cv_env_build_alias_value=
ac_cv_env_host_alias_set=
ac_cv_env_host_alias_value=
ac_cv_env_target_alias_set=
ac_cv_env_target_alias_value=
ac_cv_func_dlopen=no
ac_cv_func_flock=yes
ac_cv_func_getaddrinfo=yes
ac_cv_func_gethostbyname_r=yes
ac_cv_func_poll=yes
ac_cv_func_shl_load=no
ac_cv_func_snprintf=yes
ac_cv_func_vsnprintf=yes
ac_cv_header_dlfcn_h=yes
ac_cv_header_inttypes_h=yes
ac_cv_header_memory_h=yes
ac_cv_header_netdb_h=yes
ac_cv_header_netinet_in_h=yes
ac_cv_header_poll_h=yes
ac_cv_header_stdc=yes
ac_cv_header_stdint_h=yes
ac_cv_header_stdlib_h=yes
ac_cv_header_string_h=yes
ac_cv_header_strings_h=yes
ac_cv_header_sys_filio_h=no
ac_cv_header_sys_stat_h=yes
ac_cv_header_sys_types_h=yes
ac_cv_header_unistd_h=yes
ac_cv_host=x86_64-unknown-linux-gnu
ac_cv_lib_dl_dlopen=yes
ac_cv_lib_dld_shl_load=no
ac_cv_lib_socket_setsockopt=no
ac_cv_objext=o
ac_cv_path_CP=/bin/cp
ac_cv_path_ECHO=/bin/echo
ac_cv_path_EGREP='/bin/grep -E'
ac_cv_path_FGREP='/bin/grep -F'
ac_cv_path_GREP=/bin/grep
ac_cv_path_MKDIR=/bin/mkdir
ac_cv_path_PERL=/usr/bin/perl
ac_cv_path_SED=/bin/sed
ac_cv_path_TEST=/usr/bin/test
ac_cv_path_install='/usr/bin/install -c'
ac_cv_path_mkdir=/bin/mkdir
ac_cv_prog_AWK=gawk
ac_cv_prog_CPP='gcc -E'
ac_cv_prog_ac_ct_AR=ar
ac_cv_prog_ac_ct_CC=gcc
ac_cv_prog_ac_ct_OBJDUMP=objdump
ac_cv_prog_ac_ct_RANLIB=ranlib
ac_cv_prog_ac_ct_STRIP=strip
ac_cv_prog_cc_c89=
ac_cv_prog_cc_g=yes
ac_cv_prog_make_make_set=yes
ac_cv_sizeof_char=1
ac_cv_sizeof_int=4
ac_cv_sizeof_long=8
ac_cv_sizeof_long_double=16
ac_cv_sizeof_long_long=8
ac_cv_sizeof_longlong=0
ac_cv_sizeof_pid_t=4
ac_cv_sizeof_pthread_t=8
ac_cv_sizeof_short=2
ac_cv_target=x86_64-unknown-linux-gnu
am_cv_CC_dependencies_compiler_type=none
lt_cv_deplibs_check_method=pass_all
lt_cv_dlopen=dlopen
lt_cv_dlopen_libs=-ldl
lt_cv_dlopen_self=yes
lt_cv_dlopen_self_static=yes
lt_cv_file_magic_cmd='$MAGIC_CMD'
lt_cv_file_magic_test_file=
lt_cv_ld_reload_flag=-r
lt_cv_nm_interface='BSD nm'
lt_cv_objdir=.libs
lt_cv_path_LD=/usr/bin/ld
lt_cv_path_NM='/usr/bin/nm -B'
lt_cv_prog_compiler_c_o=yes
lt_cv_prog_compiler_pic_works=yes
lt_cv_prog_compiler_rtti_exceptions=no
lt_cv_prog_compiler_static_works=no
lt_cv_prog_gnu_ld=yes
lt_cv_sys_global_symbol_pipe='sed -n -e '\''s/^.*[	 ]\([ABCDGIRSTW][ABCDGIRSTW]*\)[	 ][	 ]*\([_A-Za-z][_A-Za-z0-9]*\)$/\1 \2 \2/p'\'''
lt_cv_sys_global_symbol_to_c_name_address='sed -n -e '\''s/^: \([^ ]*\) $/  {\"\1\", (void *) 0},/p'\'' -e '\''s/^[ABCDGIRSTW]* \([^ ]*\) \([^ ]*\)$/  {"\2", (void *) \&\2},/p'\'''
lt_cv_sys_global_symbol_to_c_name_address_lib_prefix='sed -n -e '\''s/^: \([^ ]*\) $/  {\"\1\", (void *) 0},/p'\'' -e '\''s/^[ABCDGIRSTW]* \([^ ]*\) \(lib[^ ]*\)$/  {"\2", (void *) \&\2},/p'\'' -e '\''s/^[ABCDGIRSTW]* \([^ ]*\) \([^ ]*\)$/  {"lib\2", (void *) \&\2},/p'\'''
lt_cv_sys_global_symbol_to_cdecl='sed -n -e '\''s/^T .* \(.*\)$/extern int \1();/p'\'' -e '\''s/^[ABCDGIRSTW]* .* \(.*\)$/extern char \1;/p'\'''
lt_cv_sys_max_cmd_len=1966080

## ----------------- ##
## Output variables. ##
## ----------------- ##

ACLOCAL='${SHELL} /home/sources/tomcat-connectors-1.2.41-src/native/scripts/build/unix/missing --run aclocal-1.11'
AMDEPBACKSLASH='\'
AMDEP_FALSE='#'
AMDEP_TRUE=''
AMTAR='${SHELL} /home/sources/tomcat-connectors-1.2.41-src/native/scripts/build/unix/missing --run tar'
APACHE20_OEXT='.c'
APACHE_CONFIG_VARS='/usr/lib64/httpd/build/config_vars.mk'
APACHE_DIR='/etc/httpd'
APXS='/usr/sbin/apxs'
APXSCFLAGS='-O2 -g -pipe -Wall -Wp,-D_FORTIFY_SOURCE=2 -fexceptions -fstack-protector --param=ssp-buffer-size=4 -m64 -mtune=generic -Wformat-security -fno-strict-aliasing -pthread -DHAVE_APR  -I/usr/include/apr-1 -I/usr/include/apr-1  -DHAVE_CONFIG_H'
APXSCPPFLAGS='-DLINUX=2 -D_REENTRANT -D_GNU_SOURCE'
APXSLDFLAGS=''
AR='ar'
AUTOCONF='${SHELL} /home/sources/tomcat-connectors-1.2.41-src/native/scripts/build/unix/missing --run autoconf'
AUTOHEADER='${SHELL} /home/sources/tomcat-connectors-1.2.41-src/native/scripts/build/unix/missing --run autoheader'
AUTOMAKE='${SHELL} /home/sources/tomcat-connectors-1.2.41-src/native/scripts/build/unix/missing --run automake-1.11'
AWK='gawk'
CC='gcc'
CCDEPMODE='depmode=none'
CFLAGS=' -DHAVE_CONFIG_H'
CP='/bin/cp'
CPP='gcc -E'
CPPFLAGS=''
CYGPATH_W='echo'
DEFS='-DHAVE_CONFIG_H'
DEPDIR='.deps'
DSYMUTIL=''
DUMPBIN=''
ECHO='/bin/echo'
ECHO_C=''
ECHO_N='-n'
ECHO_T=''
EGREP='/bin/grep -E'
EXEEXT=''
FGREP='/bin/grep -F'
GREP='/bin/grep'
INSTALL_DATA='${INSTALL} -m 644'
INSTALL_PROGRAM='${INSTALL}'
INSTALL_SCRIPT='${INSTALL}'
INSTALL_STRIP_PROGRAM='$(install_sh) -c -s'
INSTALL_TYPE='install_dynamic'
LD='/usr/bin/ld -m elf_x86_64'
LDFLAGS=''
LIBOBJS=''
LIBS=''
LIBTOOL='/usr/lib64/apr-1/build/libtool --silent'
LIB_JK_TYPE='mod_jk.so'
LIPO=''
LN_S='ln -s'
LTLIBOBJS=''
MAKEINFO='${SHELL} /home/sources/tomcat-connectors-1.2.41-src/native/scripts/build/unix/missing --run makeinfo'
MAKE_DYNAMIC_APACHE_FALSE='#'
MAKE_DYNAMIC_APACHE_TRUE=''
MKDIR='/bin/mkdir'
MKDIR_P='/bin/mkdir -p'
NM='/usr/bin/nm -B'
NMEDIT=''
OBJDUMP='objdump'
OBJEXT='o'
OTOOL64=''
OTOOL=''
PACKAGE='mod_jk'
PACKAGE_BUGREPORT=''
PACKAGE_NAME='mod_jk'
PACKAGE_STRING='mod_jk 1.2.41'
PACKAGE_TARNAME='mod_jk'
PACKAGE_VERSION='1.2.41'
PATH_SEPARATOR=':'
PERL='/usr/bin/perl'
RANLIB='ranlib'
SED='/bin/sed'
SET_MAKE=''
SHELL='/bin/sh'
STRIP='strip'
TEST='/usr/bin/test'
VERSION='1.2.41'
WEBSERVER='common apache-2.0'
ac_ct_CC='gcc'
ac_ct_DUMPBIN=''
am__EXEEXT_FALSE=''
am__EXEEXT_TRUE='#'
am__fastdepCC_FALSE=''
am__fastdepCC_TRUE='#'
am__include='include'
am__isrc=''
am__leading_dot='.'
am__quote=''
am__tar='${AMTAR} chof - "$$tardir"'
am__untar='${AMTAR} xf -'
apache_include='-I/usr/include/httpd'
bindir='${exec_prefix}/bin'
build='x86_64-unknown-linux-gnu'
build_alias=''
build_cpu='x86_64'
build_os='linux-gnu'
build_vendor='unknown'
datadir='${datarootdir}'
datarootdir='${prefix}/share'
docdir='${datarootdir}/doc/${PACKAGE_TARNAME}'
dvidir='${docdir}'
exec_prefix='${prefix}'
host='x86_64-unknown-linux-gnu'
host_alias=''
host_cpu='x86_64'
host_os='linux-gnu'
host_vendor='unknown'
htmldir='${docdir}'
includedir='${prefix}/include'
infodir='${datarootdir}/info'
install_sh='${SHELL} /home/sources/tomcat-connectors-1.2.41-src/native/scripts/build/unix/install-sh'
int32_t_fmt='#define JK_INT32_T_FMT "d"'
int32_value='int'
int64_t_fmt='#define JK_INT64_T_FMT "ld"'
int64_value='long'
libdir='${exec_prefix}/lib'
libexecdir='${exec_prefix}/libexec'
localedir='${datarootdir}/locale'
localstatedir='${prefix}/var'
lt_ECHO='echo'
mandir='${datarootdir}/man'
mkdir_p='/bin/mkdir -p'
oldincludedir='/usr/include'
pdfdir='${docdir}'
pid_t_fmt='#define JK_PID_T_FMT "d"'
prefix='/usr/local'
program_transform_name='s,x,x,'
psdir='${docdir}'
pthread_t_fmt='#define JK_PTHREAD_T_FMT "lu"'
pthread_t_value='long'
sbindir='${exec_prefix}/sbin'
sharedstatedir='${prefix}/com'
sysconfdir='${prefix}/etc'
target='x86_64-unknown-linux-gnu'
target_alias=''
target_cpu='x86_64'
target_os='linux-gnu'
target_vendor='unknown'
uint32_t_fmt='#define JK_UINT32_T_FMT "u"'
uint32_t_hex_fmt='#define JK_UINT32_T_HEX_FMT "x"'
uint64_t_fmt='#define JK_UINT64_T_FMT "lu"'
uint64_t_hex_fmt='#define JK_UINT64_T_HEX_FMT "lx"'

## ----------- ##
## confdefs.h. ##
## ----------- ##

#define PACKAGE_NAME "mod_jk"
#define PACKAGE_TARNAME "mod_jk"
#define PACKAGE_VERSION "1.2.41"
#define PACKAGE_STRING "mod_jk 1.2.41"
#define PACKAGE_BUGREPORT ""
#define PACKAGE "mod_jk"
#define VERSION "1.2.41"
#define STDC_HEADERS 1
#define HAVE_SYS_TYPES_H 1
#define HAVE_SYS_STAT_H 1
#define HAVE_STDLIB_H 1
#define HAVE_STRING_H 1
#define HAVE_MEMORY_H 1
#define HAVE_STRINGS_H 1
#define HAVE_INTTYPES_H 1
#define HAVE_STDINT_H 1
#define HAVE_UNISTD_H 1
#define HAVE_DLFCN_H 1
#define LT_OBJDIR ".libs/"
#define SIZEOF_CHAR 1
#define SIZEOF_INT 4
#define SIZEOF_LONG 8
#define SIZEOF_SHORT 2
#define SIZEOF_LONG_DOUBLE 16
#define SIZEOF_LONG_LONG 8
#define SIZEOF_LONGLONG 0
#define SIZEOF_PID_T 4
#define SIZEOF_PTHREAD_T 8
#define HAVE_SNPRINTF 1
#define HAVE_VSNPRINTF 1
#define HAVE_FLOCK 1
#define USE_SO_RCVTIMEO 1
#define USE_SO_SNDTIMEO 1
#define USE_SOCK_CLOEXEC 1
#define HAVE_POLL_H 1
#define HAVE_POLL 1
#define HAVE_NETINET_IN_H 1
#define HAVE_NETDB_H 1
#define HAVE_AF_INET6 1
#define HAVE_SOCKADDR_STORAGE 1
#define HAVE_GETADDRINFO 1
#define HAVE_GETHOSTBYNAME_R 1

configure: exit 0
